<?xml version="1.0" encoding="UTF-8"?>
<testsuites name="jest tests" tests="1" failures="0" errors="0" time="1.139">
  <testsuite name="Health Check Endpoint" errors="0" failures="0" skipped="0" timestamp="2024-12-20T14:11:26" time="1.099" tests="1">
    <testcase classname="Health Check Endpoint should return 200 OK with timestamp" name="Health Check Endpoint should return 200 OK with timestamp" time="0.015">
    </testcase>
  </testsuite>
</testsuites>